2021-04-16 13:37:43,214: INFO: ************** Test_001_Login *************
2021-04-16 13:37:43,214: INFO: ************** Verifying Home Page Title *************
2021-04-16 13:37:53,490: INFO: ************** Home Page Title test has passed *************
2021-04-16 13:37:54,549: INFO: ************** Verifying Login test *************
2021-04-16 13:38:07,594: ERROR: ************** Login test has passed *************
2021-04-16 13:39:36,384: INFO: ************** Test_001_Login *************
2021-04-16 13:39:36,384: INFO: ************** Verifying Home Page Title *************
2021-04-16 13:39:43,434: INFO: ************** Home Page Title test has passed *************
2021-04-16 13:39:44,456: INFO: ************** Verifying Login test *************
2021-04-16 13:39:57,277: ERROR: ************** Login test has passed *************
2021-04-16 13:54:05,341: INFO: ************** Test_001_Login *************
2021-04-16 13:54:05,373: INFO: ************** Verifying Home Page Title *************
2021-04-16 13:54:05,691: INFO: ************** Verifying Login test *************
2021-04-16 13:54:17,007: INFO: ************** Home Page Title test has passed *************
2021-04-16 13:54:20,220: ERROR: ************** Login test has passed *************
2021-04-16 13:55:19,092: INFO: ************** Verifying Login test *************
2021-04-16 13:55:19,121: INFO: ************** Test_001_Login *************
2021-04-16 13:55:19,122: INFO: ************** Verifying Home Page Title *************
2021-04-16 13:55:24,859: INFO: ************** Home Page Title test has passed *************
2021-04-16 13:55:31,791: INFO: ************** Login test has passed *************
2021-04-16 13:56:05,656: INFO: ************** Test_001_Login *************
2021-04-16 13:56:05,656: INFO: ************** Verifying Home Page Title *************
2021-04-16 13:56:11,507: INFO: ************** Home Page Title test has passed *************
2021-04-16 13:56:12,523: INFO: ************** Verifying Login test *************
2021-04-16 13:56:21,300: INFO: ************** Login test has passed *************
2021-04-16 14:00:16,946: INFO: ************** Test_001_Login *************
2021-04-16 14:00:16,946: INFO: ************** Verifying Home Page Title *************
2021-04-16 14:00:26,370: INFO: ************** Home Page Title test has passed *************
2021-04-16 14:00:27,446: INFO: ************** Verifying Login test *************
2021-04-16 14:00:40,752: INFO: ************** Login test has passed *************
2021-04-16 14:07:53,007: INFO: ************** Test_001_Login *************
2021-04-16 14:07:53,007: INFO: ************** Verifying Home Page Title *************
2021-04-16 14:08:03,171: INFO: ************** Home Page Title test has passed *************
2021-04-16 14:08:04,218: INFO: ************** Verifying Login test *************
2021-04-16 14:08:19,908: INFO: ************** Login test has passed *************
2021-04-16 14:09:10,451: INFO: ************** Test_001_Login *************
2021-04-16 14:09:10,451: INFO: ************** Verifying Home Page Title *************
2021-04-16 14:09:19,241: INFO: ************** Home Page Title test has passed *************
2021-04-16 14:09:20,247: INFO: ************** Verifying Login test *************
2021-04-16 14:09:32,148: INFO: ************** Login test has passed *************
2021-04-16 14:13:43,783: INFO: ************** Test_001_Login *************
2021-04-16 14:13:43,783: INFO: ************** Verifying Home Page Title *************
2021-04-16 14:13:52,782: INFO: ************** Home Page Title test has passed *************
2021-04-16 14:13:53,802: INFO: ************** Verifying Login test *************
2021-04-16 14:14:07,320: INFO: ************** Login test has passed *************
2021-04-16 17:41:43,697: INFO: ********* Login_002 DDT test starts *********
2021-04-16 17:41:43,697: INFO: ************** Verifying Login test DDT *************
2021-04-16 17:45:03,724: INFO: ********* Login_002 DDT test starts *********
2021-04-16 17:45:03,725: INFO: ************** Verifying Login test DDT *************
2021-04-16 17:45:19,501: INFO: ****** Test Step Passed******
2021-04-16 17:45:27,874: INFO: ****** Test Step Passed ******
2021-04-16 17:47:29,230: INFO: ********* Login_002 DDT test starts *********
2021-04-16 17:47:29,230: INFO: ************** Verifying Login test DDT *************
2021-04-16 17:47:45,265: INFO: ****** Test Step Passed******
2021-04-16 17:47:53,246: INFO: ****** Test Step Passed ******
2021-04-16 17:48:00,059: INFO: ****** Test Step Passed ******
2021-04-16 17:48:06,844: INFO: ****** Test Step Passed ******
2021-04-16 17:48:06,844: INFO: ******* Login DDT test passed ******
2021-04-16 17:48:06,844: INFO: ********* End of Login_002 DDT test *********
2021-04-16 17:48:07,920: ERROR: ************** Login test has failed *************
2021-04-16 17:48:42,963: INFO: ********* Login_002 DDT test starts *********
2021-04-16 17:48:42,964: INFO: ************** Verifying Login test DDT *************
2021-04-16 17:48:55,556: INFO: ****** Test Step Passed******
2021-04-16 17:49:02,423: INFO: ****** Test Step Passed ******
2021-04-16 17:49:08,100: INFO: ****** Test Step Passed ******
2021-04-16 17:49:13,801: INFO: ****** Test Step Passed ******
2021-04-16 17:49:13,801: INFO: ******* Login DDT test passed ******
2021-04-16 17:49:13,801: INFO: ********* End of Login_002 DDT test *********
2021-04-16 17:49:14,788: ERROR: ************** Login test has failed *************
2021-04-16 17:50:51,526: INFO: ********* Login_002 DDT test starts *********
2021-04-16 17:50:51,527: INFO: ************** Verifying Login test DDT *************
2021-04-16 17:51:06,916: INFO: ****** Test Step Passed******
2021-04-16 17:51:13,806: INFO: ****** Test Step Passed ******
2021-04-16 17:51:20,536: INFO: ****** Test Step Passed ******
2021-04-16 17:51:27,414: INFO: ****** Test Step Passed ******
2021-04-16 17:51:27,414: INFO: ******* Login DDT test passed ******
2021-04-16 17:51:27,415: INFO: ********* End of Login_002 DDT test *********
2021-04-16 18:48:08,471: INFO: ************** Verifying Login test *************
2021-04-16 18:48:08,471: INFO: ************** Verifying Login test *************
2021-04-16 18:48:21,759: INFO: ************** Login test has passed *************
2021-04-16 18:48:21,759: INFO: ************** Login test has passed *************
2021-04-16 18:49:11,764: INFO: ************** Verifying Login test *************
2021-04-16 18:49:11,764: INFO: ************** Verifying Login test *************
2021-04-16 18:49:21,068: INFO: ************** Login test has passed *************
2021-04-16 18:49:21,068: INFO: ************** Login test has passed *************
2021-04-16 18:50:38,149: INFO: ************** Verifying Login test *************
2021-04-16 18:50:38,149: INFO: ************** Verifying Login test *************
2021-04-16 18:50:51,190: INFO: ************** Login test has passed *************
2021-04-16 18:50:51,190: INFO: ************** Login test has passed *************
2021-04-16 18:51:30,586: INFO: ************** Test_001_Login *************
2021-04-16 18:51:30,586: INFO: ************** Test_001_Login *************
2021-04-16 18:51:30,586: INFO: ************** Verifying Home Page Title *************
2021-04-16 18:51:30,586: INFO: ************** Verifying Home Page Title *************
2021-04-16 18:51:33,567: INFO: ************** Home Page Title test has passed *************
2021-04-16 18:51:33,567: INFO: ************** Home Page Title test has passed *************
2021-04-16 18:51:34,592: INFO: ************** Verifying Login test *************
2021-04-16 18:51:34,592: INFO: ************** Verifying Login test *************
2021-04-16 18:51:43,635: INFO: ************** Login test has passed *************
2021-04-16 18:51:43,635: INFO: ************** Login test has passed *************
2021-04-16 18:51:44,650: INFO: ********* Login_002 DDT test starts *********
2021-04-16 18:51:44,650: INFO: ********* Login_002 DDT test starts *********
2021-04-16 18:51:44,650: INFO: ************** Verifying Login test DDT *************
2021-04-16 18:51:44,650: INFO: ************** Verifying Login test DDT *************
2021-04-16 18:52:01,736: INFO: ****** Test Step Passed******
2021-04-16 18:52:01,736: INFO: ****** Test Step Passed******
2021-04-16 18:52:28,783: INFO: ****** Test Step Passed ******
2021-04-16 18:52:28,783: INFO: ****** Test Step Passed ******
2021-04-16 18:52:35,083: INFO: ****** Test Step Passed ******
2021-04-16 18:52:35,083: INFO: ****** Test Step Passed ******
2021-04-16 18:52:40,758: INFO: ****** Test Step Passed ******
2021-04-16 18:52:40,758: INFO: ****** Test Step Passed ******
2021-04-16 18:52:40,758: INFO: ******* Login DDT test passed ******
2021-04-16 18:52:40,758: INFO: ******* Login DDT test passed ******
2021-04-16 18:52:40,758: INFO: ********* End of Login_002 DDT test *********
2021-04-16 18:52:40,758: INFO: ********* End of Login_002 DDT test *********
2021-04-16 18:53:19,193: INFO: ************** Test_001_Login *************
2021-04-16 18:53:19,193: INFO: ************** Test_001_Login *************
2021-04-16 18:53:19,224: INFO: ************** Verifying Home Page Title *************
2021-04-16 18:53:19,224: INFO: ************** Verifying Home Page Title *************
2021-04-16 18:53:29,336: INFO: ************** Home Page Title test has passed *************
2021-04-16 18:53:29,336: INFO: ************** Home Page Title test has passed *************
2021-04-16 18:53:30,399: INFO: ************** Verifying Login test *************
2021-04-16 18:53:30,399: INFO: ************** Verifying Login test *************
2021-04-16 18:53:44,782: INFO: ************** Login test has passed *************
2021-04-16 18:53:44,782: INFO: ************** Login test has passed *************
2021-04-16 18:53:45,793: INFO: ********* Login_002 DDT test starts *********
2021-04-16 18:53:45,793: INFO: ********* Login_002 DDT test starts *********
2021-04-16 18:53:45,793: INFO: ************** Verifying Login test DDT *************
2021-04-16 18:53:45,793: INFO: ************** Verifying Login test DDT *************
2021-04-16 18:54:01,545: INFO: ****** Test Step Passed******
2021-04-16 18:54:01,545: INFO: ****** Test Step Passed******
2021-04-16 18:54:09,064: INFO: ****** Test Step Passed ******
2021-04-16 18:54:09,064: INFO: ****** Test Step Passed ******
2021-04-16 18:54:14,784: INFO: ****** Test Step Passed ******
2021-04-16 18:54:14,784: INFO: ****** Test Step Passed ******
2021-04-16 18:54:20,485: INFO: ****** Test Step Passed ******
2021-04-16 18:54:20,485: INFO: ****** Test Step Passed ******
2021-04-16 18:54:20,485: INFO: ******* Login DDT test passed ******
2021-04-16 18:54:20,485: INFO: ******* Login DDT test passed ******
2021-04-16 18:54:20,534: INFO: ********* End of Login_002 DDT test *********
2021-04-16 18:54:20,534: INFO: ********* End of Login_002 DDT test *********
2021-04-16 19:18:35,225: INFO: ************** Test_001_Login *************
2021-04-16 19:18:35,225: INFO: ************** Test_001_Login *************
2021-04-16 19:18:35,225: INFO: ************** Verifying Home Page Title *************
2021-04-16 19:18:35,225: INFO: ************** Verifying Home Page Title *************
2021-04-16 19:18:45,569: INFO: ************** Home Page Title test has passed *************
2021-04-16 19:18:45,569: INFO: ************** Home Page Title test has passed *************
2021-04-16 19:18:46,620: INFO: ************** Verifying Login test *************
2021-04-16 19:18:46,620: INFO: ************** Verifying Login test *************
2021-04-16 19:18:57,870: INFO: ************** Login test has passed *************
2021-04-16 19:18:57,870: INFO: ************** Login test has passed *************
2021-04-16 19:18:58,887: INFO: ********* Login_002 DDT test starts *********
2021-04-16 19:18:58,887: INFO: ********* Login_002 DDT test starts *********
2021-04-16 19:18:58,888: INFO: ************** Verifying Login test DDT *************
2021-04-16 19:18:58,888: INFO: ************** Verifying Login test DDT *************
2021-04-16 19:19:17,842: INFO: ****** Test Step Passed******
2021-04-16 19:19:17,842: INFO: ****** Test Step Passed******
2021-04-16 19:19:25,002: INFO: ****** Test Step Passed ******
2021-04-16 19:19:25,002: INFO: ****** Test Step Passed ******
2021-04-16 19:19:30,713: INFO: ****** Test Step Passed ******
2021-04-16 19:19:30,713: INFO: ****** Test Step Passed ******
2021-04-16 19:19:36,416: INFO: ****** Test Step Passed ******
2021-04-16 19:19:36,416: INFO: ****** Test Step Passed ******
2021-04-16 19:19:36,416: INFO: ******* Login DDT test passed ******
2021-04-16 19:19:36,416: INFO: ******* Login DDT test passed ******
2021-04-16 19:19:36,475: INFO: ********* End of Login_002 DDT test *********
2021-04-16 19:19:36,475: INFO: ********* End of Login_002 DDT test *********
2021-04-16 21:08:26,239: INFO: ************** Test_001_Login *************
2021-04-16 21:08:26,239: INFO: ************** Verifying Home Page Title *************
2021-04-16 21:08:34,167: INFO: ************** Home Page Title test has passed *************
2021-04-16 21:08:35,180: INFO: ************** Verifying Login test *************
2021-04-16 21:08:45,527: INFO: ************** Login test has passed *************
2021-04-16 21:12:30,877: INFO: ************** Test_001_Login *************
2021-04-16 21:12:30,877: INFO: ************** Test_001_Login *************
2021-04-16 21:12:30,877: INFO: ************** Verifying Home Page Title *************
2021-04-16 21:12:30,877: INFO: ************** Verifying Home Page Title *************
2021-04-16 21:12:40,986: INFO: ************** Home Page Title test has passed *************
2021-04-16 21:12:40,986: INFO: ************** Home Page Title test has passed *************
2021-04-16 21:12:42,060: INFO: ************** Verifying Login test *************
2021-04-16 21:12:42,060: INFO: ************** Verifying Login test *************
2021-04-16 21:12:54,951: INFO: ************** Login test has passed *************
2021-04-16 21:12:54,951: INFO: ************** Login test has passed *************
2021-04-16 21:12:56,087: INFO: ********* Login_002 DDT test starts *********
2021-04-16 21:12:56,087: INFO: ********* Login_002 DDT test starts *********
2021-04-16 21:12:56,087: INFO: ************** Verifying Login test DDT *************
2021-04-16 21:12:56,087: INFO: ************** Verifying Login test DDT *************
2021-04-16 21:13:12,636: INFO: ****** Test Step Passed******
2021-04-16 21:13:12,636: INFO: ****** Test Step Passed******
2021-04-16 21:13:19,626: INFO: ****** Test Step Passed ******
2021-04-16 21:13:19,626: INFO: ****** Test Step Passed ******
2021-04-16 21:13:25,337: INFO: ****** Test Step Passed ******
2021-04-16 21:13:25,337: INFO: ****** Test Step Passed ******
2021-04-16 21:13:31,029: INFO: ****** Test Step Passed ******
2021-04-16 21:13:31,029: INFO: ****** Test Step Passed ******
2021-04-16 21:13:31,029: INFO: ******* Login DDT test passed ******
2021-04-16 21:13:31,029: INFO: ******* Login DDT test passed ******
2021-04-16 21:13:31,080: INFO: ********* End of Login_002 DDT test *********
2021-04-16 21:13:31,080: INFO: ********* End of Login_002 DDT test *********
